<?xml version="1.0" encoding="UTF-8"?>
<!-- Generated by org.testng.reporters.JUnitXMLReporter -->
<testsuite hostname="Swara" ignored="1" name="com-saucedemo-sw-5-pf" tests="1" failures="0" timestamp="2023-05-07T11:34:25 BST" time="7.139" errors="0">
  <testcase name="userShouldLoginSuccessfullyWithValidCredentials" time="0.434" classname="com.saucedemo.testsuite.LoginPageTest"/>
  <testcase name="verifyThatSixProductsAreDisplayedOnPage" time="0.0" classname="com.saucedemo.testsuite.LoginPageTest">
    <ignored/>
  </testcase> <!-- verifyThatSixProductsAreDisplayedOnPage -->
</testsuite> <!-- com-saucedemo-sw-5-pf -->
