<?xml version="1.0" encoding="UTF-8"?>
<testsuite name="Login Test"
           tests="2"
           failures="0"
           errors="0"
           skipped="0"
           time="0.662">
  <properties />
  
  
            <testcase name="verifyThatSixProductsAreDisplayedOnPage" time="0.336" classname="com.saucedemo.testsuite.LoginPageTest" />
                <testcase name="userShouldLoginSuccessfullyWithValidCredentials" time="0.326" classname="com.saucedemo.testsuite.LoginPageTest" />
      
</testsuite>
