<?xml version="1.0" encoding="UTF-8"?>
<testng-results skipped="0" failed="0" ignored="1" total="2" passed="1">
  <reporter-output>
    <line>
      <![CDATA[Enter username standard_user to username field [[ChromeDriver: chrome on WINDOWS (f49101c8123e261a8f67fa61c314c3e5)] -> id: user-name]]]>
    </line>
    <line>
      <![CDATA[Enter password secret_sauce to password field [[ChromeDriver: chrome on WINDOWS (f49101c8123e261a8f67fa61c314c3e5)] -> id: password]]]>
    </line>
    <line>
      <![CDATA[Clicking on Login Button [[ChromeDriver: chrome on WINDOWS (f49101c8123e261a8f67fa61c314c3e5)] -> id: login-button]]]>
    </line>
    <line>
      <![CDATA[Get text from product title]]>
    </line>
  </reporter-output>
  <suite name="Default Suite" duration-ms="7139" started-at="2023-05-07T11:34:18 BST" finished-at="2023-05-07T11:34:25 BST">
    <groups>
      <group name="regression">
        <method signature="LoginPageTest.userShouldLoginSuccessfullyWithValidCredentials()[pri:0, instance:com.saucedemo.testsuite.LoginPageTest@67205a84]" name="userShouldLoginSuccessfullyWithValidCredentials" class="com.saucedemo.testsuite.LoginPageTest"/>
      </group> <!-- regression -->
      <group name="sanity">
        <method signature="LoginPageTest.userShouldLoginSuccessfullyWithValidCredentials()[pri:0, instance:com.saucedemo.testsuite.LoginPageTest@67205a84]" name="userShouldLoginSuccessfullyWithValidCredentials" class="com.saucedemo.testsuite.LoginPageTest"/>
      </group> <!-- sanity -->
    </groups>
    <test name="com-saucedemo-sw-5-pf" duration-ms="7139" started-at="2023-05-07T11:34:18 BST" finished-at="2023-05-07T11:34:25 BST">
      <class name="com.saucedemo.testsuite.LoginPageTest">
        <test-method status="PASS" signature="setUp()[pri:0, instance:com.saucedemo.testsuite.LoginPageTest@67205a84]" name="setUp" is-config="true" duration-ms="5095" started-at="2023-05-07T11:34:19 BST" finished-at="2023-05-07T11:34:24 BST">
          <reporter-output>
          </reporter-output>
        </test-method> <!-- setUp -->
        <test-method status="PASS" signature="inIt()[pri:0, instance:com.saucedemo.testsuite.LoginPageTest@67205a84]" name="inIt" is-config="true" duration-ms="132" started-at="2023-05-07T11:34:24 BST" finished-at="2023-05-07T11:34:24 BST">
          <reporter-output>
          </reporter-output>
        </test-method> <!-- inIt -->
        <test-method status="PASS" signature="userShouldLoginSuccessfullyWithValidCredentials()[pri:0, instance:com.saucedemo.testsuite.LoginPageTest@67205a84]" name="userShouldLoginSuccessfullyWithValidCredentials" duration-ms="434" started-at="2023-05-07T11:34:24 BST" finished-at="2023-05-07T11:34:24 BST">
          <reporter-output>
            <line>
              <![CDATA[Enter username standard_user to username field [[ChromeDriver: chrome on WINDOWS (f49101c8123e261a8f67fa61c314c3e5)] -> id: user-name]]]>
            </line>
            <line>
              <![CDATA[Enter password secret_sauce to password field [[ChromeDriver: chrome on WINDOWS (f49101c8123e261a8f67fa61c314c3e5)] -> id: password]]]>
            </line>
            <line>
              <![CDATA[Clicking on Login Button [[ChromeDriver: chrome on WINDOWS (f49101c8123e261a8f67fa61c314c3e5)] -> id: login-button]]]>
            </line>
            <line>
              <![CDATA[Get text from product title]]>
            </line>
          </reporter-output>
        </test-method> <!-- userShouldLoginSuccessfullyWithValidCredentials -->
        <test-method status="PASS" signature="tearDown()[pri:0, instance:com.saucedemo.testsuite.LoginPageTest@67205a84]" name="tearDown" is-config="true" duration-ms="929" started-at="2023-05-07T11:34:24 BST" finished-at="2023-05-07T11:34:25 BST">
          <reporter-output>
          </reporter-output>
        </test-method> <!-- tearDown -->
      </class> <!-- com.saucedemo.testsuite.LoginPageTest -->
    </test> <!-- com-saucedemo-sw-5-pf -->
  </suite> <!-- Default Suite -->
</testng-results>
